UnityLibrary/unityLibrary/build/intermediates/manifest_merge_blame_file/debug/manifest-merger-blame-debug-report.txt
1<?xml version="1.0" encoding="utf-8"?>
2<!-- GENERATED BY UNITY. REMOVE THIS COMMENT TO PREVENT OVERWRITING WHEN EXPORTING AGAIN -->
3<manifest xmlns:android="http://schemas.android.com/apk/res/android"
4    xmlns:tools="http://schemas.android.com/tools"
5    package="com.unity3d.player" >
6
7    <uses-sdk
8        android:minSdkVersion="24"
8-->src\main\AndroidManifest.xml
9        android:targetSdkVersion="33" />
9-->src\main\AndroidManifest.xml
10
11    <uses-feature android:glEsVersion="0x00020000" />
11-->src\main\AndroidManifest.xml:27:3-52
11-->src\main\AndroidManifest.xml:27:17-49
12    <uses-feature
12-->src\main\AndroidManifest.xml:28:3-88
13        android:name="android.hardware.touchscreen"
13-->src\main\AndroidManifest.xml:28:17-60
14        android:required="false" />
14-->src\main\AndroidManifest.xml:28:61-85
15    <uses-feature
15-->src\main\AndroidManifest.xml:29:3-99
16        android:name="android.hardware.touchscreen.multitouch"
16-->src\main\AndroidManifest.xml:29:17-71
17        android:required="false" />
17-->src\main\AndroidManifest.xml:29:72-96
18    <uses-feature
18-->src\main\AndroidManifest.xml:30:3-108
19        android:name="android.hardware.touchscreen.multitouch.distinct"
19-->src\main\AndroidManifest.xml:30:17-80
20        android:required="false" />
20-->src\main\AndroidManifest.xml:30:81-105
21
22    <application>
22-->src\main\AndroidManifest.xml:4:3-26:17
23        <activity
23-->src\main\AndroidManifest.xml:5:5-13:16
24            android:name="com.unity3d.player.UnityPlayerActivity"
24-->src\main\AndroidManifest.xml:5:15-68
25            android:configChanges="mcc|mnc|locale|touchscreen|keyboard|keyboardHidden|navigation|orientation|screenLayout|uiMode|screenSize|smallestScreenSize|fontScale|layoutDirection|density"
25-->src\main\AndroidManifest.xml:9:122-303
26            android:exported="true"
26-->src\main\AndroidManifest.xml:7:9-34
27            android:hardwareAccelerated="false"
27-->src\main\AndroidManifest.xml:9:339-374
28            android:launchMode="singleTask"
28-->src\main\AndroidManifest.xml:9:90-121
29            android:resizeableActivity="false"
29-->src\main\AndroidManifest.xml:9:304-338
30            android:screenOrientation="fullSensor"
30-->src\main\AndroidManifest.xml:9:51-89
31            android:theme="@style/UnityThemeSelector" >
31-->src\main\AndroidManifest.xml:9:9-50
32            <meta-data
32-->src\main\AndroidManifest.xml:11:7-82
33                android:name="unityplayer.UnityActivity"
33-->src\main\AndroidManifest.xml:11:18-58
34                android:value="true" />
34-->src\main\AndroidManifest.xml:11:59-79
35            <meta-data
35-->src\main\AndroidManifest.xml:12:7-78
36                android:name="android.notch_support"
36-->src\main\AndroidManifest.xml:12:18-54
37                android:value="true" />
37-->src\main\AndroidManifest.xml:12:55-75
38        </activity>
39
40        <meta-data
40-->src\main\AndroidManifest.xml:14:5-69
41            android:name="unity.splash-mode"
41-->src\main\AndroidManifest.xml:14:16-48
42            android:value="0" />
42-->src\main\AndroidManifest.xml:14:49-66
43        <meta-data
43-->src\main\AndroidManifest.xml:15:5-74
44            android:name="unity.splash-enable"
44-->src\main\AndroidManifest.xml:15:16-50
45            android:value="True" />
45-->src\main\AndroidManifest.xml:15:51-71
46        <meta-data
46-->src\main\AndroidManifest.xml:16:5-84
47            android:name="unity.allow-resizable-window"
47-->src\main\AndroidManifest.xml:16:16-59
48            android:value="False" />
48-->src\main\AndroidManifest.xml:16:60-81
49        <meta-data
49-->src\main\AndroidManifest.xml:17:5-81
50            android:name="notch.config"
50-->src\main\AndroidManifest.xml:17:16-43
51            android:value="portrait|landscape" />
51-->src\main\AndroidManifest.xml:17:44-78
52        <meta-data
52-->src\main\AndroidManifest.xml:18:5-101
53            android:name="unity.build-id"
53-->src\main\AndroidManifest.xml:18:16-45
54            android:value="be18262d-11e8-4db8-8440-1a98a6c30cbf" />
54-->src\main\AndroidManifest.xml:18:46-98
55
56        <receiver
56-->src\main\AndroidManifest.xml:19:5-113
57            android:name="com.unity.androidnotifications.UnityNotificationManager"
57-->src\main\AndroidManifest.xml:19:16-86
58            android:exported="true" />
58-->src\main\AndroidManifest.xml:19:87-110
59        <receiver
59-->src\main\AndroidManifest.xml:20:5-25:16
60            android:name="com.unity.androidnotifications.UnityNotificationRestartOnBootReceiver"
60-->src\main\AndroidManifest.xml:20:15-99
61            android:enabled="false"
61-->src\main\AndroidManifest.xml:21:34-57
62            android:exported="true" >
62-->src\main\AndroidManifest.xml:21:9-32
63            <intent-filter>
63-->src\main\AndroidManifest.xml:22:7-24:23
64                <action android:name="android.intent.action.BOOT_COMPLETED" />
64-->src\main\AndroidManifest.xml:23:9-71
64-->src\main\AndroidManifest.xml:23:17-68
65            </intent-filter>
66        </receiver>
67    </application>
68
69</manifest>